<?xml version="1.0" encoding="UTF-8" ?>
<testsuite tests="6" failures="0" name="org.example.MyGraphTest" time="0.031" errors="0" skipped="0">
  <properties>
[...]
</properties>
  <testcase classname="org.example.MyGraphTest" name="testSearchBridgeWordCase1" time="0.015"/>
  <testcase classname="org.example.MyGraphTest" name="testSearchBridgeWordCase2" time="0"/>
  <testcase classname="org.example.MyGraphTest" name="testSearchBridgeWordCase3" time="0"/>
  <testcase classname="org.example.MyGraphTest" name="testSearchBridgeWordCase4" time="0"/>
  <testcase classname="org.example.MyGraphTest" name="testSearchBridgeWordCase5" time="0"/>
  <testcase classname="org.example.MyGraphTest" name="testSearchBridgeWordCase6" time="0.016"/>
</testsuite>